TN:
SF:src\use-cases\submit-feedback-use-case.ts
FN:17,execute
FN:12,SubmitFeedbackUseCase
FNF:2
FNH:2
FNDA:5,execute
FNDA:1,SubmitFeedbackUseCase
DA:1,1
DA:2,1
DA:3,1
DA:4,1
DA:5,1
DA:6,1
DA:7,1
DA:8,1
DA:9,1
DA:10,1
DA:11,1
DA:12,1
DA:13,1
DA:14,1
DA:15,1
DA:16,1
DA:17,1
DA:18,5
DA:19,5
DA:20,5
DA:21,1
DA:22,1
DA:23,4
DA:24,5
DA:25,1
DA:26,1
DA:27,3
DA:28,5
DA:29,1
DA:30,1
DA:31,2
DA:32,2
DA:33,2
DA:34,2
DA:35,2
DA:36,2
DA:37,2
DA:38,2
DA:39,2
DA:40,2
DA:41,2
DA:42,2
DA:43,2
DA:44,2
DA:45,2
DA:46,2
DA:47,2
DA:48,1
LF:48
LH:48
BRDA:17,0,0,5
BRDA:20,1,0,1
BRDA:23,2,0,4
BRDA:24,3,0,1
BRDA:27,4,0,3
BRDA:28,5,0,1
BRDA:31,6,0,2
BRDA:12,7,0,1
BRF:8
BRH:8
end_of_record
